

Microchip MPLAB XC8 Assembler V2.32 build 20210201212658 
                                                                                                           Tue Jan 18 14:08:41 2022


     1                           	processor	18F25K42
     2                           	pagewidth 132
     3                           	psect	udata_acs,global,class=COMRAM,space=1,delta=1,lowdata,noexec
     4                           	psect	udata_bank0,global,class=BANK0,space=1,delta=1,lowdata,noexec
     5                           	psect	udata_bank1,global,class=BANK1,space=1,delta=1,lowdata,noexec
     6                           	psect	udata_bank2,global,class=BANK2,space=1,delta=1,lowdata,noexec
     7                           	psect	udata_bank3,global,class=BANK3,space=1,delta=1,lowdata,noexec
     8                           	psect	udata_bank4,global,class=BANK4,space=1,delta=1,lowdata,noexec
     9                           	psect	udata_bank5,global,class=BANK5,space=1,delta=1,lowdata,noexec
    10                           	psect	udata_bank6,global,class=BANK6,space=1,delta=1,lowdata,noexec
    11                           	psect	udata_bank7,global,class=BANK7,space=1,delta=1,lowdata,noexec
    12                           	psect	udata,global,class=RAM,space=1,delta=1,noexec
    13                           	psect	code,global,reloc=2,class=CODE,delta=1
    14                           	psect	data,global,reloc=2,class=CONST,delta=1,noexec
    15                           	psect	edata,global,class=EEDATA,space=3,delta=2,noexec
    16                           	psect	barfunc,local,reloc=2,class=CODE,delta=1
    17  0000                     
    18                           	psect	edata
    19  0000                     stk_offset	set	0
    20  0000                     auto_size	set	0
    21                           
    22                           ; stack_auto defines a symbol /name/_offset which equates to the
    23                           ; stack offset of the auto object in question
    24  000000                     
    25                           ; stack_param defines a symbol /name/_offset which equates to the
    26                           ; stack offset of the parameter object in question
    27  000000                     
    28                           ; alloc_stack adjusts the SP to allocate space for auto objects
    29                           ; it also links in to the btemp symbol so that can be used
    30  000000                     
    31                           ; restore_stack adjusts the SP to remove all auto and parameter
    32                           ; objects from the stack prior to returning from a function
    33  000000                     
    34                           	psect	barfunc
    35  00157C                     _bytecleanup:
    36                           	callstack 0
    37                           
    38                           ; Check that we finished a packet and need cleanup
    39  00157C  AA46               	btfss	_gInStatus,5,c	; Bit 5 cleanup request flag. Skip if we sent one
    40  00157E  0012               	return		; Return if we have nothing to clean up yet.
    41                           
    42                           ; We gotta reset some variables for our next command read
    43  001580  0E60               	movlw	_gInPacket	; Reset the byte packet index pointer
    44  001582  006F FFA0  F028    	movff	wreg,_gInPacketIdx
    45  001588  9E46               	bcf	_gInStatus,7,c	; Clear the stop bit written flag
    46  00158A  9C46               	bcf	_gInStatus,6,c	; Clear the command interpreted flag
    47  00158C  9A46               	bcf	_gInStatus,5,c	; Clear cleanup request flag
    48  00158E  9046               	bcf	_gInStatus,0,c	; Clear any desync flag
    49  001590  6A47               	clrf	_gInBitCounter,c	; Clear the bit counter
    50  001592  8647               	bsf	_gInBitCounter,3,c	; Set the bit counter to 8 (bit 3)
    51  001594  6A2E               	clrf	_gConOutByte,c	; Clear the outgoing byte container
    52  001596  6A2C               	clrf	_gConOutIdx,c	; Clear the outgoing byte index pointer
    53  001598  6A2D               	clrf	_gConByteCount,c	; Clear the outgoing byte counter
    54  00159A  6A29               	clrf	_gInCommandByte,c	; Clear the incoming command bit
    55  00159C  6A2A               	clrf	_gInPulseWidth,c	; Clear the pulse width counter
    56  00159E  8646               	bsf	_gInStatus,3,c	; Enable stick scan bit in status
    57  0015A0  84C3               	bsf	16323,2,c	; Clear the data pin from us driving so we can receive
    58  0015A2  013F               	movlb	63
    59  0015A4  8FD2               	bsf	210,7,b	; Start global interrupts
    60  0015A6  8F1F               	bsf	31,7,b	; Start SMT
    61  0015A8  0012               	return	
    62                           tosu	equ	0x3FFF
    63                           tosh	equ	0x3FFE
    64                           tosl	equ	0x3FFD
    65                           stkptr	equ	0x3FFC
    66                           pclatu	equ	0x3FFB
    67                           pclath	equ	0x3FFA
    68                           pcl	equ	0x3FF9
    69                           tblptru	equ	0x3FF8
    70                           tblptrh	equ	0x3FF7
    71                           tblptrl	equ	0x3FF6
    72                           tablat	equ	0x3FF5
    73                           prodh	equ	0x3FF4
    74                           prodl	equ	0x3FF3
    75                           indf0	equ	0x3FEF
    76                           postinc0	equ	0x3FEE
    77                           postdec0	equ	0x3FED
    78                           preinc0	equ	0x3FEC
    79                           plusw0	equ	0x3FEB
    80                           fsr0h	equ	0x3FEA
    81                           fsr0l	equ	0x3FE9
    82                           wreg	equ	0x3FE8
    83                           indf1	equ	0x3FE7
    84                           postinc1	equ	0x3FE6
    85                           postdec1	equ	0x3FE5
    86                           preinc1	equ	0x3FE4
    87                           plusw1	equ	0x3FE3
    88                           fsr1h	equ	0x3FE2
    89                           fsr1l	equ	0x3FE1
    90                           bsr	equ	0x3FE0
    91                           indf2	equ	0x3FDF
    92                           postinc2	equ	0x3FDE
    93                           postdec2	equ	0x3FDD
    94                           preinc2	equ	0x3FDC
    95                           plusw2	equ	0x3FDB
    96                           fsr2h	equ	0x3FDA
    97                           fsr2l	equ	0x3FD9
    98                           status	equ	0x3FD8


Microchip Technology PIC18 Macro Assembler V2.32 build 20210201212658 
Symbol Table                                                                                               Tue Jan 18 14:08:41 2022

                          WREG 003FE8                           TRISB 003FC3                     _gConOutIdx 002C  
                       isa$std 000001                 _gInCommandByte 0029                    _gConOutByte 002E  
                    _gInPacket 0060                  _gInBitCounter 0047                      _gInStatus 0046  
                _gConByteCount 002D                  _gInPulseWidth 002A                    _bytecleanup 157C  
                 _gInPacketIdx 0028                       isa$xinst 000000  
